declare i32 @scanf(i8*, ...)
declare i32 @printf(i8*, ...)
declare void @exit(i32)
@.int_specifier_scan = constant [3 x i8] c"%d\00"
@.int_specifier = constant [4 x i8] c"%d\0A\00"
@.str_specifier = constant [4 x i8] c"%s\0A\00"
@.invalid_div_msg = constant [23 x i8] c"Error division by zero\00"

define i32 @readi(i32) {
    %ret_val = alloca i32
    %spec_ptr = getelementptr [3 x i8], [3 x i8]* @.int_specifier_scan, i32 0, i32 0
    call i32 (i8*, ...) @scanf(i8* %spec_ptr, i32* %ret_val)
    %val = load i32, i32* %ret_val
    ret i32 %val
}

define void @printi(i32) {
    %spec_ptr = getelementptr [4 x i8], [4 x i8]* @.int_specifier, i32 0, i32 0
    call i32 (i8*, ...) @printf(i8* %spec_ptr, i32 %0)
    ret void
}

define void @print(i8*) {
    %spec_ptr = getelementptr [4 x i8], [4 x i8]* @.str_specifier, i32 0, i32 0
    call i32 (i8*, ...) @printf(i8* %spec_ptr, i8* %0)
    ret void
}
define void @validatedevision(i32) {
    %cond = icmp i32 eq %0, 0
    br i1 %cond, label %Invalid_div, label %Valid_div
Invalid_div:
    %msg_ptr = getelementptr [23 x i8], [23 x i8]* @.invalid_div_msg, i32 0, i32 0
    call i32 (i8*, ...) @print(i8* %msg_ptr)
    call void (i32) @exit(i32 0)
    ret void
Valid_div:
    ret void
}
define i32 @main() {
%arr_size = add i32 50, 0
%frame_chan = alloca i32, i32* %arr_size
%reg0 = add i32 0, 1
%reg1 = add i32 0, 1
%reg2 = getelementptr i32, i32* %frame_chan, i32 0
store i32 %reg1i32* %reg2
%reg3 = getelementptr i32, i32* %frame_chan, i32 0
%reg4 = load i32, i32* %reg3
br i1 %reg0, label %label_2, label %label_3

label_2:
%reg6 = add i32 0, "val is true"
call void @print(%reg6)
br label %label_4
label_3:
%reg8 = add i32 0, "val is false"
call void @print(%reg8)
label_4:
%reg10 = add i32 0, 1
br i1 %reg10, label %label_5, label %label_6

label_5:
%reg12 = add i32 0, "true"
call void @print(%reg12)
label_6:
%reg14 = add i32 0, 0
%reg15 = add i32 0, 0
%reg16 = add i32 0, 1
br i1 %reg14, label %label_8, label %label_9
label_9:
br i1 %reg15, label %label_10, label %label_11
label_10:
br i1 %reg16, label %label_12, label %label_13
label_11:
br label %label_13
label_8:
br label %label_12

label_12:
%reg18 = add i32 0, "true"
call void @print(%reg18)
label_13:
}
